TN:
SF:/Users/tsb/Project_CW/Code/chainweb-node/pact/coin-contract/coin.repl
FN:617,T.G
FNDA:0,T.G
FNF:1
FNH:0
BRF:0
BRH:0
DA:256,2
DA:16,1
DA:800,1
DA:1056,1
DA:816,1
DA:1072,1
DA:64,1
DA:576,1
DA:832,1
DA:1088,1
DA:336,1
DA:848,2
DA:1104,1
DA:96,1
DA:352,1
DA:608,3
DA:1136,1
DA:384,2
DA:640,1
DA:896,1
DA:144,1
DA:656,1
DA:912,1
DA:1168,1
DA:160,1
DA:416,1
DA:672,3
DA:432,2
DA:944,3
DA:448,1
DA:464,1
DA:224,2
DA:480,2
DA:513,1
DA:769,2
DA:17,2
DA:273,3
DA:529,1
DA:785,2
DA:33,1
DA:289,2
DA:49,2
DA:561,3
DA:65,1
DA:81,2
DA:1121,1
DA:113,1
DA:369,2
DA:881,1
DA:129,1
DA:673,1
DA:929,3
DA:433,1
DA:945,1
DA:193,1
DA:449,1
DA:209,1
DA:737,1
DA:993,1
DA:241,1
DA:497,1
DA:2,1
DA:258,1
DA:18,1
DA:34,1
DA:546,3
DA:306,2
DA:818,1
DA:834,1
DA:594,2
DA:850,1
DA:354,2
DA:610,1
DA:866,1
DA:114,1
DA:386,1
DA:642,1
DA:898,1
DA:402,1
DA:1170,2
DA:162,1
DA:418,1
DA:690,2
DA:706,2
DA:722,1
DA:226,1
DA:482,1
DA:994,2
DA:754,1
DA:3,1
DA:771,1
DA:19,1
DA:275,1
DA:531,1
DA:291,1
DA:1059,1
DA:51,1
DA:563,1
DA:1075,1
DA:67,1
DA:579,2
DA:1091,1
DA:83,1
DA:339,1
DA:1107,1
DA:99,2
DA:355,2
DA:867,1
DA:1123,1
DA:115,1
DA:371,2
DA:627,1
DA:1139,1
DA:387,1
DA:1155,1
DA:147,1
DA:659,1
DA:931,2
DA:451,1
DA:707,1
DA:483,1
DA:739,1
DA:995,1
DA:260,1
DA:20,1
DA:36,1
DA:548,1
DA:804,1
DA:52,1
DA:308,1
DA:324,1
DA:596,1
DA:100,1
DA:868,2
DA:116,1
DA:372,1
DA:884,1
DA:132,2
DA:404,2
DA:1172,1
DA:676,2
DA:932,1
DA:180,2
DA:436,1
DA:196,2
DA:212,2
DA:724,1
DA:996,1
DA:500,1
DA:1012,1
DA:5,1
DA:517,1
DA:21,1
DA:277,1
DA:789,1
DA:293,1
DA:821,1
DA:69,2
DA:325,1
DA:1093,1
DA:341,1
DA:597,1
DA:853,1
DA:1109,1
DA:357,1
DA:1125,1
DA:645,1
DA:901,1
DA:405,2
DA:165,1
DA:421,1
DA:181,2
DA:693,1
DA:469,1
DA:229,1
DA:997,1
DA:245,1
DA:757,2
DA:1013,1
DA:6,2
DA:774,1
DA:534,2
DA:790,2
DA:1062,1
DA:54,1
DA:310,1
DA:1078,1
DA:326,2
DA:582,1
DA:838,1
DA:86,2
DA:614,1
DA:870,1
DA:1126,1
DA:118,1
DA:630,1
DA:886,2
DA:1142,1
DA:134,1
DA:390,1
DA:150,1
DA:406,1
DA:662,1
DA:918,1
DA:1174,2
DA:678,1
DA:934,3
DA:438,1
DA:694,1
DA:198,1
DA:454,1
DA:710,2
DA:214,1
DA:470,1
DA:982,1
DA:486,2
DA:742,2
DA:998,1
DA:502,1
DA:7,1
DA:263,2
DA:1031,1
DA:23,1
DA:1047,1
DA:295,1
DA:807,1
DA:823,1
DA:327,2
DA:1095,1
DA:599,1
DA:855,1
DA:1111,1
DA:103,1
DA:1127,1
DA:375,1
DA:647,1
DA:903,1
DA:919,1
DA:167,1
DA:423,1
DA:183,1
DA:951,1
DA:967,1
DA:727,1
DA:231,1
DA:999,1
DA:759,2
DA:8,1
DA:520,1
DA:24,1
DA:280,2
DA:536,1
DA:792,1
DA:568,1
DA:88,1
DA:344,1
DA:104,1
DA:360,1
DA:616,1
DA:120,1
DA:632,1
DA:888,1
DA:1144,1
DA:152,1
DA:408,1
DA:1176,1
DA:936,1
DA:440,1
DA:952,1
DA:456,1
DA:712,1
DA:488,1
DA:744,1
DA:248,2
DA:504,1
DA:9,1
DA:265,1
DA:521,2
DA:25,1
DA:1049,1
DA:553,2
DA:809,2
DA:1065,1
DA:57,1
DA:313,2
DA:1081,1
DA:73,1
DA:329,1
DA:841,1
DA:105,1
DA:617,0
DA:873,2
DA:1129,1
DA:377,1
DA:137,1
DA:393,1
DA:649,2
DA:409,1
DA:665,2
DA:921,1
DA:681,2
DA:953,1
DA:201,2
DA:217,2
DA:473,1
DA:985,5
DA:489,1
DA:1001,1
DA:761,1
DA:522,1
DA:26,1
DA:282,1
DA:538,1
DA:42,1
DA:298,2
DA:570,1
DA:826,1
DA:330,1
DA:586,1
DA:1098,1
DA:346,1
DA:602,2
DA:858,2
DA:1114,1
DA:906,1
DA:410,1
DA:666,1
DA:922,1
DA:170,1
DA:426,1
DA:938,2
DA:186,1
DA:442,2
DA:954,1
DA:970,5
DA:730,1
DA:986,1
DA:234,2
DA:1002,1
DA:250,2
DA:506,1
DA:11,1
DA:27,1
DA:283,2
DA:795,2
DA:43,1
DA:811,1
DA:59,1
DA:315,1
DA:587,3
DA:843,1
DA:91,1
DA:107,1
DA:875,1
DA:635,1
DA:891,1
DA:139,2
DA:395,1
DA:651,1
DA:1163,2
DA:155,2
DA:667,1
DA:939,2
DA:443,2
DA:699,3
DA:203,1
DA:459,1
DA:715,2
DA:219,1
DA:251,1
DA:507,2
DA:12,1
DA:268,2
DA:524,1
DA:780,1
DA:28,1
DA:284,2
DA:1052,1
DA:44,1
DA:300,1
DA:1068,1
DA:828,1
DA:1084,1
DA:76,2
DA:332,2
DA:604,1
DA:860,1
DA:1116,1
DA:364,1
DA:124,1
DA:380,1
DA:1148,1
DA:140,2
DA:908,1
DA:412,1
DA:172,1
DA:428,1
DA:940,1
DA:188,1
DA:444,1
DA:700,1
DA:956,2
DA:204,1
DA:972,1
DA:476,2
DA:732,1
DA:236,1
DA:492,3
DA:748,1
DA:764,2
DA:285,1
DA:541,2
DA:797,1
DA:45,2
DA:573,3
DA:1101,1
DA:349,1
DA:365,1
DA:621,1
DA:877,1
DA:637,1
DA:893,1
DA:1149,1
DA:141,1
DA:397,2
DA:1165,1
DA:157,1
DA:429,1
DA:685,3
DA:941,2
DA:957,2
DA:461,1
DA:973,2
DA:1005,4
DA:253,1
DA:509,1
DA:270,1
DA:782,1
DA:286,1
DA:1054,1
DA:46,2
DA:302,1
DA:558,1
DA:814,1
DA:1070,1
DA:62,2
DA:830,1
DA:1086,1
DA:78,1
DA:334,2
DA:590,1
DA:846,2
DA:862,1
DA:1118,1
DA:110,2
DA:622,1
DA:142,1
DA:654,1
DA:1166,2
DA:414,1
DA:926,1
DA:686,1
DA:942,1
DA:446,2
DA:958,1
DA:206,1
DA:718,2
DA:974,1
DA:222,3
DA:478,2
DA:494,1
DA:1006,1
DA:766,1
DA:15,1
DA:527,2
DA:31,1
DA:543,1
DA:799,1
DA:47,2
DA:303,1
DA:63,2
DA:319,1
DA:591,1
DA:351,1
DA:607,1
DA:111,1
DA:367,2
DA:383,2
DA:399,1
DA:911,1
DA:927,1
DA:175,1
DA:191,2
DA:447,1
DA:703,2
DA:463,1
DA:719,1
DA:735,2
DA:511,1
LF:499
LH:498
end_of_record
TN:
SF:/Users/tsb/Project_CW/Code/chainweb-node/pact/coin-contract/coin.pact
FN:107,coin.TRANSFER_XCHAIN
FN:366,coin.transfer-create
FN:307,coin.details
FN:510,coin.check-reserved
FN:288,coin.create-account
FN:61,coin.GENESIS
FN:169,coin.enforce-unit
FN:300,coin.get-balance
FN:212,coin.gas-guard
FN:615,coin.create-allocation-account
FN:538,coin.transfer-crosschain
FN:57,coin.COINBASE
FN:69,coin.DEBIT
FN:220,coin.buy-gas
FN:50,coin.GOVERNANCE
FN:96,coin.TRANSFER-mgr
FN:335,coin.precision
FN:130,coin.TRANSFER_XCHAIN_RECD
FN:390,coin.coinbase
FN:453,coin.debit
FN:83,coin.TRANSFER
FN:339,coin.transfer
FN:648,coin.release-allocation
FN:317,coin.rotate
FN:78,coin.ROTATE
FN:65,coin.REMEDIATE
FN:178,coin.validate-account
FN:407,coin.remediate
FN:517,coin.enforce-reserved
FN:433,coin.fund-tx
FN:74,coin.CREDIT
FN:479,coin.credit
FN:53,coin.GAS
FN:241,coin.redeem-gas
FN:140,coin.RELEASE_ALLOCATION
FN:120,coin.TRANSFER_XCHAIN-mgr
FN:208,coin.gas-only
FNDA:7,coin.TRANSFER_XCHAIN
FNDA:9,coin.transfer-create
FNDA:5,coin.details
FNDA:16,coin.check-reserved
FNDA:16,coin.create-account
FNDA:2,coin.GENESIS
FNDA:132,coin.enforce-unit
FNDA:18,coin.get-balance
FNDA:3,coin.gas-guard
FNDA:7,coin.create-allocation-account
FNDA:11,coin.transfer-crosschain
FNDA:2,coin.COINBASE
FNDA:28,coin.DEBIT
FNDA:14,coin.buy-gas
FNDA:0,coin.GOVERNANCE
FNDA:13,coin.TRANSFER-mgr
FNDA:0,coin.precision
FNDA:0,coin.TRANSFER_XCHAIN_RECD
FNDA:7,coin.coinbase
FNDA:30,coin.debit
FNDA:11,coin.TRANSFER
FNDA:8,coin.transfer
FNDA:5,coin.release-allocation
FNDA:5,coin.rotate
FNDA:4,coin.ROTATE
FNDA:1,coin.REMEDIATE
FNDA:176,coin.validate-account
FNDA:6,coin.remediate
FNDA:20,coin.enforce-reserved
FNDA:14,coin.fund-tx
FNDA:32,coin.CREDIT
FNDA:36,coin.credit
FNDA:6,coin.GAS
FNDA:5,coin.redeem-gas
FNDA:3,coin.RELEASE_ALLOCATION
FNDA:6,coin.TRANSFER_XCHAIN-mgr
FNDA:5,coin.gas-only
FNF:37
FNH:34
BRF:0
BRH:0
DA:256,4
DA:272,8
DA:288,16
DA:592,2
DA:96,26
DA:352,16
DA:656,5
DA:416,8
DA:672,1
DA:192,173
DA:208,5
DA:496,56
DA:273,2
DA:561,12
DA:65,1
DA:385,8
DA:641,2
DA:401,6
DA:433,14
DA:193,6
DA:449,12
DA:465,25
DA:241,5
DA:2,1
DA:258,4
DA:514,16
DA:50,0
DA:322,16
DA:578,6
DA:130,0
DA:386,7
DA:402,5
DA:658,5
DA:674,6
DA:178,176
DA:450,2
DA:210,5
DA:259,4
DA:515,56
DA:275,2
DA:291,16
DA:51,0
DA:307,5
DA:323,2
DA:83,16
DA:339,8
DA:595,4
DA:355,7
DA:115,7
DA:387,7
DA:403,10
DA:163,22
DA:419,3
DA:467,25
DA:276,2
DA:292,12
DA:564,4
DA:580,3
DA:596,2
DA:116,14
DA:628,7
DA:404,5
DA:676,3
DA:212,3
DA:468,24
DA:500,54
DA:261,4
DA:517,20
DA:53,6
DA:309,5
DA:69,28
DA:101,13
DA:357,6
DA:117,14
DA:421,2
DA:197,167
DA:453,30
DA:501,8
DA:262,8
DA:294,7
DA:566,6
DA:326,3
DA:102,26
DA:358,4
DA:374,18
DA:630,6
DA:390,7
DA:422,1
DA:678,4
DA:198,167
DA:214,3
DA:486,36
DA:519,40
DA:551,8
DA:71,84
DA:103,2
DA:359,3
DA:615,7
DA:631,8
DA:407,6
DA:423,1
DA:679,2
DA:183,176
DA:199,5
DA:471,48
DA:231,14
DA:280,8
DA:552,0
DA:72,50
DA:328,3
DA:584,3
DA:120,12
DA:648,5
DA:680,2
DA:184,176
DA:216,3
DA:488,66
DA:504,24
DA:265,8
DA:521,16
DA:281,8
DA:57,2
DA:329,3
DA:89,22
DA:377,9
DA:665,10
DA:169,132
DA:185,3
DA:217,2
DA:473,21
DA:233,14
DA:489,29
DA:505,43
DA:522,32
DA:282,4
DA:538,11
DA:554,6
DA:570,3
DA:74,32
DA:90,11
DA:346,16
DA:362,3
DA:378,9
DA:634,3
DA:426,2
DA:682,2
DA:474,21
DA:234,26
DA:555,6
DA:571,3
DA:91,22
DA:107,11
DA:667,10
DA:491,29
DA:268,4
DA:524,16
DA:300,18
DA:76,64
DA:92,20
DA:380,18
DA:140,3
DA:172,132
DA:428,1
DA:460,30
DA:220,14
DA:236,11
DA:492,28
DA:252,5
DA:525,4
DA:301,18
DA:557,12
DA:61,2
DA:317,5
DA:93,20
DA:349,8
DA:125,12
DA:637,3
DA:173,264
DA:429,1
DA:189,173
DA:237,20
DA:253,5
DA:526,4
DA:558,24
DA:318,5
DA:78,8
DA:350,8
DA:366,9
DA:126,0
DA:398,7
DA:414,6
DA:670,4
DA:462,54
DA:238,8
DA:254,5
DA:510,16
DA:271,7
DA:527,4
DA:335,0
DA:591,2
DA:383,9
DA:639,2
DA:399,7
DA:671,4
DA:175,9
DA:191,173
DA:479,36
LF:207
LH:201
end_of_record
TN:
SF:/Users/tsb/Project_CW/Code/chainweb-node/pact/coin-contract/v2/fungible-v2.pact
FNF:0
FNH:0
BRF:0
BRH:0
DA:1,1
LF:1
LH:1
end_of_record
TN:
SF:/Users/tsb/Project_CW/Code/chainweb-node/pact/coin-contract/v4/fungible-xchain-v1.pact
FNF:0
FNH:0
BRF:0
BRH:0
DA:1,1
LF:1
LH:1
end_of_record
